Compiling the CXX compiler identification source file "CMakeCXXCompilerId.cpp" failed.
Compiler: /usr/bin/g++-4.8 
Build flags: 
Id flags:  

The output was:
1
g++-4.8: error trying to exec 'cc1plus': execvp: 没有那个文件或目录


Compiling the CXX compiler identification source file "CMakeCXXCompilerId.cpp" failed.
Compiler: /usr/bin/g++-4.8 
Build flags: 
Id flags: -c 

The output was:
1
g++-4.8: error trying to exec 'cc1plus': execvp: 没有那个文件或目录


Compiling the CXX compiler identification source file "CMakeCXXCompilerId.cpp" failed.
Compiler: /usr/bin/g++-4.8 
Build flags: 
Id flags: --c++ 

The output was:
1
g++-4.8: 错误：unrecognized command line option ‘--c++’


Compiling the CXX compiler identification source file "CMakeCXXCompilerId.cpp" failed.
Compiler: /usr/bin/g++-4.8 
Build flags: 
Id flags: --ec++ 

The output was:
1
g++-4.8: 错误：unrecognized command line option ‘--ec++’


Compiling the CXX compiler identification source file "CMakeCXXCompilerId.cpp" failed.
Compiler: /usr/bin/g++-4.8 
Build flags: 
Id flags: --target=arm-arm-none-eabi;-mcpu=cortex-m3 

The output was:
1
g++-4.8: 警告：不建议使用‘-mcpu=’；请改用‘-mtune=’或‘-march=’
g++-4.8: error trying to exec 'cc1plus': execvp: 没有那个文件或目录


Compiling the CXX compiler identification source file "CMakeCXXCompilerId.cpp" failed.
Compiler: /usr/bin/g++-4.8 
Build flags: 
Id flags: -c;-I__does_not_exist__ 

The output was:
1
g++-4.8: error trying to exec 'cc1plus': execvp: 没有那个文件或目录


Compiling the CXX compiler identification source file "CMakeCXXCompilerId.cpp" failed.
Compiler: /usr/bin/g++-4.8 
Build flags: 
Id flags:  

The output was:
1
g++-4.8: error trying to exec 'cc1plus': execvp: 没有那个文件或目录


Compiling the CXX compiler identification source file "CMakeCXXCompilerId.cpp" failed.
Compiler: /usr/bin/g++-4.8 
Build flags: 
Id flags: -c 

The output was:
1
g++-4.8: error trying to exec 'cc1plus': execvp: 没有那个文件或目录


Compiling the CXX compiler identification source file "CMakeCXXCompilerId.cpp" failed.
Compiler: /usr/bin/g++-4.8 
Build flags: 
Id flags: --c++ 

The output was:
1
g++-4.8: 错误：unrecognized command line option ‘--c++’


Compiling the CXX compiler identification source file "CMakeCXXCompilerId.cpp" failed.
Compiler: /usr/bin/g++-4.8 
Build flags: 
Id flags: --ec++ 

The output was:
1
g++-4.8: 错误：unrecognized command line option ‘--ec++’


Compiling the CXX compiler identification source file "CMakeCXXCompilerId.cpp" failed.
Compiler: /usr/bin/g++-4.8 
Build flags: 
Id flags: --target=arm-arm-none-eabi;-mcpu=cortex-m3 

The output was:
1
g++-4.8: 警告：不建议使用‘-mcpu=’；请改用‘-mtune=’或‘-march=’
g++-4.8: error trying to exec 'cc1plus': execvp: 没有那个文件或目录


Compiling the CXX compiler identification source file "CMakeCXXCompilerId.cpp" failed.
Compiler: /usr/bin/g++-4.8 
Build flags: 
Id flags: -c;-I__does_not_exist__ 

The output was:
1
g++-4.8: error trying to exec 'cc1plus': execvp: 没有那个文件或目录


Checking whether the CXX compiler is IAR using "" did not match "IAR .+ Compiler":
g++-4.8: fatal error: no input files
compilation terminated.
Checking whether the CXX compiler is IAR using "" did not match "IAR .+ Compiler":
g++-4.8: fatal error: no input files
compilation terminated.
Detecting CXX compiler ABI info failed to compile with the following output:
Change Dir: /home/zhj/MuduoArchitecture/build/CMakeFiles/CMakeTmp

Run Build Command(s):/usr/bin/gmake -f Makefile cmTC_e9b38/fast && /usr/bin/gmake  -f CMakeFiles/cmTC_e9b38.dir/build.make CMakeFiles/cmTC_e9b38.dir/build
gmake[1]: Entering directory `/home/zhj/MuduoArchitecture/build/CMakeFiles/CMakeTmp'
Building CXX object CMakeFiles/cmTC_e9b38.dir/CMakeCXXCompilerABI.cpp.o
/usr/bin/g++-4.8    -o CMakeFiles/cmTC_e9b38.dir/CMakeCXXCompilerABI.cpp.o -c /usr/local/share/cmake-3.23/Modules/CMakeCXXCompilerABI.cpp
g++-4.8: error trying to exec 'cc1plus': execvp: No such file or directory
gmake[1]: *** [CMakeFiles/cmTC_e9b38.dir/CMakeCXXCompilerABI.cpp.o] Error 1
gmake[1]: Leaving directory `/home/zhj/MuduoArchitecture/build/CMakeFiles/CMakeTmp'
gmake: *** [cmTC_e9b38/fast] Error 2




Determining if the CXX compiler works failed with the following output:
Change Dir: /home/zhj/MuduoArchitecture/build/CMakeFiles/CMakeTmp

Run Build Command(s):/usr/bin/gmake -f Makefile cmTC_a26c1/fast && /usr/bin/gmake  -f CMakeFiles/cmTC_a26c1.dir/build.make CMakeFiles/cmTC_a26c1.dir/build
gmake[1]: 进入目录“/home/zhj/MuduoArchitecture/build/CMakeFiles/CMakeTmp”
Building CXX object CMakeFiles/cmTC_a26c1.dir/testCXXCompiler.cxx.o
/usr/bin/g++-4.8    -o CMakeFiles/cmTC_a26c1.dir/testCXXCompiler.cxx.o -c /home/zhj/MuduoArchitecture/build/CMakeFiles/CMakeTmp/testCXXCompiler.cxx
g++-4.8: error trying to exec 'cc1plus': execvp: 没有那个文件或目录
gmake[1]: *** [CMakeFiles/cmTC_a26c1.dir/testCXXCompiler.cxx.o] 错误 1
gmake[1]: 离开目录“/home/zhj/MuduoArchitecture/build/CMakeFiles/CMakeTmp”
gmake: *** [cmTC_a26c1/fast] 错误 2



Compiling the CXX compiler identification source file "CMakeCXXCompilerId.cpp" failed.
Compiler: /usr/bin/g++-4.8 
Build flags: 
Id flags:  

The output was:
1
g++-4.8: error trying to exec 'cc1plus': execvp: 没有那个文件或目录


Compiling the CXX compiler identification source file "CMakeCXXCompilerId.cpp" failed.
Compiler: /usr/bin/g++-4.8 
Build flags: 
Id flags: -c 

The output was:
1
g++-4.8: error trying to exec 'cc1plus': execvp: 没有那个文件或目录


Compiling the CXX compiler identification source file "CMakeCXXCompilerId.cpp" failed.
Compiler: /usr/bin/g++-4.8 
Build flags: 
Id flags: --c++ 

The output was:
1
g++-4.8: 错误：unrecognized command line option ‘--c++’


Compiling the CXX compiler identification source file "CMakeCXXCompilerId.cpp" failed.
Compiler: /usr/bin/g++-4.8 
Build flags: 
Id flags: --ec++ 

The output was:
1
g++-4.8: 错误：unrecognized command line option ‘--ec++’


Compiling the CXX compiler identification source file "CMakeCXXCompilerId.cpp" failed.
Compiler: /usr/bin/g++-4.8 
Build flags: 
Id flags: --target=arm-arm-none-eabi;-mcpu=cortex-m3 

The output was:
1
g++-4.8: 警告：不建议使用‘-mcpu=’；请改用‘-mtune=’或‘-march=’
g++-4.8: error trying to exec 'cc1plus': execvp: 没有那个文件或目录


Compiling the CXX compiler identification source file "CMakeCXXCompilerId.cpp" failed.
Compiler: /usr/bin/g++-4.8 
Build flags: 
Id flags: -c;-I__does_not_exist__ 

The output was:
1
g++-4.8: error trying to exec 'cc1plus': execvp: 没有那个文件或目录


Compiling the CXX compiler identification source file "CMakeCXXCompilerId.cpp" failed.
Compiler: /usr/bin/g++-4.8 
Build flags: 
Id flags:  

The output was:
1
g++-4.8: error trying to exec 'cc1plus': execvp: 没有那个文件或目录


Compiling the CXX compiler identification source file "CMakeCXXCompilerId.cpp" failed.
Compiler: /usr/bin/g++-4.8 
Build flags: 
Id flags: -c 

The output was:
1
g++-4.8: error trying to exec 'cc1plus': execvp: 没有那个文件或目录


Compiling the CXX compiler identification source file "CMakeCXXCompilerId.cpp" failed.
Compiler: /usr/bin/g++-4.8 
Build flags: 
Id flags: --c++ 

The output was:
1
g++-4.8: 错误：unrecognized command line option ‘--c++’


Compiling the CXX compiler identification source file "CMakeCXXCompilerId.cpp" failed.
Compiler: /usr/bin/g++-4.8 
Build flags: 
Id flags: --ec++ 

The output was:
1
g++-4.8: 错误：unrecognized command line option ‘--ec++’


Compiling the CXX compiler identification source file "CMakeCXXCompilerId.cpp" failed.
Compiler: /usr/bin/g++-4.8 
Build flags: 
Id flags: --target=arm-arm-none-eabi;-mcpu=cortex-m3 

The output was:
1
g++-4.8: 警告：不建议使用‘-mcpu=’；请改用‘-mtune=’或‘-march=’
g++-4.8: error trying to exec 'cc1plus': execvp: 没有那个文件或目录


Compiling the CXX compiler identification source file "CMakeCXXCompilerId.cpp" failed.
Compiler: /usr/bin/g++-4.8 
Build flags: 
Id flags: -c;-I__does_not_exist__ 

The output was:
1
g++-4.8: error trying to exec 'cc1plus': execvp: 没有那个文件或目录


Checking whether the CXX compiler is IAR using "" did not match "IAR .+ Compiler":
g++-4.8: fatal error: no input files
compilation terminated.
Checking whether the CXX compiler is IAR using "" did not match "IAR .+ Compiler":
g++-4.8: fatal error: no input files
compilation terminated.
Detecting CXX compiler ABI info failed to compile with the following output:
Change Dir: /home/zhj/MuduoArchitecture/build/CMakeFiles/CMakeTmp

Run Build Command(s):/usr/bin/gmake -f Makefile cmTC_495ec/fast && /usr/bin/gmake  -f CMakeFiles/cmTC_495ec.dir/build.make CMakeFiles/cmTC_495ec.dir/build
gmake[1]: Entering directory `/home/zhj/MuduoArchitecture/build/CMakeFiles/CMakeTmp'
Building CXX object CMakeFiles/cmTC_495ec.dir/CMakeCXXCompilerABI.cpp.o
/usr/bin/g++-4.8    -o CMakeFiles/cmTC_495ec.dir/CMakeCXXCompilerABI.cpp.o -c /usr/local/share/cmake-3.23/Modules/CMakeCXXCompilerABI.cpp
g++-4.8: error trying to exec 'cc1plus': execvp: No such file or directory
gmake[1]: *** [CMakeFiles/cmTC_495ec.dir/CMakeCXXCompilerABI.cpp.o] Error 1
gmake[1]: Leaving directory `/home/zhj/MuduoArchitecture/build/CMakeFiles/CMakeTmp'
gmake: *** [cmTC_495ec/fast] Error 2




Determining if the CXX compiler works failed with the following output:
Change Dir: /home/zhj/MuduoArchitecture/build/CMakeFiles/CMakeTmp

Run Build Command(s):/usr/bin/gmake -f Makefile cmTC_8c620/fast && /usr/bin/gmake  -f CMakeFiles/cmTC_8c620.dir/build.make CMakeFiles/cmTC_8c620.dir/build
gmake[1]: 进入目录“/home/zhj/MuduoArchitecture/build/CMakeFiles/CMakeTmp”
Building CXX object CMakeFiles/cmTC_8c620.dir/testCXXCompiler.cxx.o
/usr/bin/g++-4.8    -o CMakeFiles/cmTC_8c620.dir/testCXXCompiler.cxx.o -c /home/zhj/MuduoArchitecture/build/CMakeFiles/CMakeTmp/testCXXCompiler.cxx
g++-4.8: error trying to exec 'cc1plus': execvp: 没有那个文件或目录
gmake[1]: *** [CMakeFiles/cmTC_8c620.dir/testCXXCompiler.cxx.o] 错误 1
gmake[1]: 离开目录“/home/zhj/MuduoArchitecture/build/CMakeFiles/CMakeTmp”
gmake: *** [cmTC_8c620/fast] 错误 2



Compiling the CXX compiler identification source file "CMakeCXXCompilerId.cpp" failed.
Compiler: /usr/bin/g++-4.8 
Build flags: 
Id flags:  

The output was:
1
g++-4.8: error trying to exec 'cc1plus': execvp: 没有那个文件或目录


Compiling the CXX compiler identification source file "CMakeCXXCompilerId.cpp" failed.
Compiler: /usr/bin/g++-4.8 
Build flags: 
Id flags: -c 

The output was:
1
g++-4.8: error trying to exec 'cc1plus': execvp: 没有那个文件或目录


Compiling the CXX compiler identification source file "CMakeCXXCompilerId.cpp" failed.
Compiler: /usr/bin/g++-4.8 
Build flags: 
Id flags: --c++ 

The output was:
1
g++-4.8: 错误：unrecognized command line option ‘--c++’


Compiling the CXX compiler identification source file "CMakeCXXCompilerId.cpp" failed.
Compiler: /usr/bin/g++-4.8 
Build flags: 
Id flags: --ec++ 

The output was:
1
g++-4.8: 错误：unrecognized command line option ‘--ec++’


Compiling the CXX compiler identification source file "CMakeCXXCompilerId.cpp" failed.
Compiler: /usr/bin/g++-4.8 
Build flags: 
Id flags: --target=arm-arm-none-eabi;-mcpu=cortex-m3 

The output was:
1
g++-4.8: 警告：不建议使用‘-mcpu=’；请改用‘-mtune=’或‘-march=’
g++-4.8: error trying to exec 'cc1plus': execvp: 没有那个文件或目录


Compiling the CXX compiler identification source file "CMakeCXXCompilerId.cpp" failed.
Compiler: /usr/bin/g++-4.8 
Build flags: 
Id flags: -c;-I__does_not_exist__ 

The output was:
1
g++-4.8: error trying to exec 'cc1plus': execvp: 没有那个文件或目录


Compiling the CXX compiler identification source file "CMakeCXXCompilerId.cpp" failed.
Compiler: /usr/bin/g++-4.8 
Build flags: 
Id flags:  

The output was:
1
g++-4.8: error trying to exec 'cc1plus': execvp: 没有那个文件或目录


Compiling the CXX compiler identification source file "CMakeCXXCompilerId.cpp" failed.
Compiler: /usr/bin/g++-4.8 
Build flags: 
Id flags: -c 

The output was:
1
g++-4.8: error trying to exec 'cc1plus': execvp: 没有那个文件或目录


Compiling the CXX compiler identification source file "CMakeCXXCompilerId.cpp" failed.
Compiler: /usr/bin/g++-4.8 
Build flags: 
Id flags: --c++ 

The output was:
1
g++-4.8: 错误：unrecognized command line option ‘--c++’


Compiling the CXX compiler identification source file "CMakeCXXCompilerId.cpp" failed.
Compiler: /usr/bin/g++-4.8 
Build flags: 
Id flags: --ec++ 

The output was:
1
g++-4.8: 错误：unrecognized command line option ‘--ec++’


Compiling the CXX compiler identification source file "CMakeCXXCompilerId.cpp" failed.
Compiler: /usr/bin/g++-4.8 
Build flags: 
Id flags: --target=arm-arm-none-eabi;-mcpu=cortex-m3 

The output was:
1
g++-4.8: 警告：不建议使用‘-mcpu=’；请改用‘-mtune=’或‘-march=’
g++-4.8: error trying to exec 'cc1plus': execvp: 没有那个文件或目录


Compiling the CXX compiler identification source file "CMakeCXXCompilerId.cpp" failed.
Compiler: /usr/bin/g++-4.8 
Build flags: 
Id flags: -c;-I__does_not_exist__ 

The output was:
1
g++-4.8: error trying to exec 'cc1plus': execvp: 没有那个文件或目录


Checking whether the CXX compiler is IAR using "" did not match "IAR .+ Compiler":
g++-4.8: fatal error: no input files
compilation terminated.
Checking whether the CXX compiler is IAR using "" did not match "IAR .+ Compiler":
g++-4.8: fatal error: no input files
compilation terminated.
Detecting CXX compiler ABI info failed to compile with the following output:
Change Dir: /home/zhj/MuduoArchitecture/build/CMakeFiles/CMakeTmp

Run Build Command(s):/usr/bin/gmake -f Makefile cmTC_6ebbc/fast && /usr/bin/gmake  -f CMakeFiles/cmTC_6ebbc.dir/build.make CMakeFiles/cmTC_6ebbc.dir/build
gmake[1]: Entering directory `/home/zhj/MuduoArchitecture/build/CMakeFiles/CMakeTmp'
Building CXX object CMakeFiles/cmTC_6ebbc.dir/CMakeCXXCompilerABI.cpp.o
/usr/bin/g++-4.8    -o CMakeFiles/cmTC_6ebbc.dir/CMakeCXXCompilerABI.cpp.o -c /usr/local/share/cmake-3.23/Modules/CMakeCXXCompilerABI.cpp
g++-4.8: error trying to exec 'cc1plus': execvp: No such file or directory
gmake[1]: *** [CMakeFiles/cmTC_6ebbc.dir/CMakeCXXCompilerABI.cpp.o] Error 1
gmake[1]: Leaving directory `/home/zhj/MuduoArchitecture/build/CMakeFiles/CMakeTmp'
gmake: *** [cmTC_6ebbc/fast] Error 2




Determining if the CXX compiler works failed with the following output:
Change Dir: /home/zhj/MuduoArchitecture/build/CMakeFiles/CMakeTmp

Run Build Command(s):/usr/bin/gmake -f Makefile cmTC_e2907/fast && /usr/bin/gmake  -f CMakeFiles/cmTC_e2907.dir/build.make CMakeFiles/cmTC_e2907.dir/build
gmake[1]: 进入目录“/home/zhj/MuduoArchitecture/build/CMakeFiles/CMakeTmp”
Building CXX object CMakeFiles/cmTC_e2907.dir/testCXXCompiler.cxx.o
/usr/bin/g++-4.8    -o CMakeFiles/cmTC_e2907.dir/testCXXCompiler.cxx.o -c /home/zhj/MuduoArchitecture/build/CMakeFiles/CMakeTmp/testCXXCompiler.cxx
g++-4.8: error trying to exec 'cc1plus': execvp: 没有那个文件或目录
gmake[1]: *** [CMakeFiles/cmTC_e2907.dir/testCXXCompiler.cxx.o] 错误 1
gmake[1]: 离开目录“/home/zhj/MuduoArchitecture/build/CMakeFiles/CMakeTmp”
gmake: *** [cmTC_e2907/fast] 错误 2



Compiling the CXX compiler identification source file "CMakeCXXCompilerId.cpp" failed.
Compiler: /usr/bin/g++-4.8 
Build flags: 
Id flags:  

The output was:
1
g++-4.8: error trying to exec 'cc1plus': execvp: 没有那个文件或目录


Compiling the CXX compiler identification source file "CMakeCXXCompilerId.cpp" failed.
Compiler: /usr/bin/g++-4.8 
Build flags: 
Id flags: -c 

The output was:
1
g++-4.8: error trying to exec 'cc1plus': execvp: 没有那个文件或目录


Compiling the CXX compiler identification source file "CMakeCXXCompilerId.cpp" failed.
Compiler: /usr/bin/g++-4.8 
Build flags: 
Id flags: --c++ 

The output was:
1
g++-4.8: 错误：unrecognized command line option ‘--c++’


Compiling the CXX compiler identification source file "CMakeCXXCompilerId.cpp" failed.
Compiler: /usr/bin/g++-4.8 
Build flags: 
Id flags: --ec++ 

The output was:
1
g++-4.8: 错误：unrecognized command line option ‘--ec++’


Compiling the CXX compiler identification source file "CMakeCXXCompilerId.cpp" failed.
Compiler: /usr/bin/g++-4.8 
Build flags: 
Id flags: --target=arm-arm-none-eabi;-mcpu=cortex-m3 

The output was:
1
g++-4.8: 警告：不建议使用‘-mcpu=’；请改用‘-mtune=’或‘-march=’
g++-4.8: error trying to exec 'cc1plus': execvp: 没有那个文件或目录


Compiling the CXX compiler identification source file "CMakeCXXCompilerId.cpp" failed.
Compiler: /usr/bin/g++-4.8 
Build flags: 
Id flags: -c;-I__does_not_exist__ 

The output was:
1
g++-4.8: error trying to exec 'cc1plus': execvp: 没有那个文件或目录


Compiling the CXX compiler identification source file "CMakeCXXCompilerId.cpp" failed.
Compiler: /usr/bin/g++-4.8 
Build flags: 
Id flags:  

The output was:
1
g++-4.8: error trying to exec 'cc1plus': execvp: 没有那个文件或目录


Compiling the CXX compiler identification source file "CMakeCXXCompilerId.cpp" failed.
Compiler: /usr/bin/g++-4.8 
Build flags: 
Id flags: -c 

The output was:
1
g++-4.8: error trying to exec 'cc1plus': execvp: 没有那个文件或目录


Compiling the CXX compiler identification source file "CMakeCXXCompilerId.cpp" failed.
Compiler: /usr/bin/g++-4.8 
Build flags: 
Id flags: --c++ 

The output was:
1
g++-4.8: 错误：unrecognized command line option ‘--c++’


Compiling the CXX compiler identification source file "CMakeCXXCompilerId.cpp" failed.
Compiler: /usr/bin/g++-4.8 
Build flags: 
Id flags: --ec++ 

The output was:
1
g++-4.8: 错误：unrecognized command line option ‘--ec++’


Compiling the CXX compiler identification source file "CMakeCXXCompilerId.cpp" failed.
Compiler: /usr/bin/g++-4.8 
Build flags: 
Id flags: --target=arm-arm-none-eabi;-mcpu=cortex-m3 

The output was:
1
g++-4.8: 警告：不建议使用‘-mcpu=’；请改用‘-mtune=’或‘-march=’
g++-4.8: error trying to exec 'cc1plus': execvp: 没有那个文件或目录


Compiling the CXX compiler identification source file "CMakeCXXCompilerId.cpp" failed.
Compiler: /usr/bin/g++-4.8 
Build flags: 
Id flags: -c;-I__does_not_exist__ 

The output was:
1
g++-4.8: error trying to exec 'cc1plus': execvp: 没有那个文件或目录


Checking whether the CXX compiler is IAR using "" did not match "IAR .+ Compiler":
g++-4.8: fatal error: no input files
compilation terminated.
Checking whether the CXX compiler is IAR using "" did not match "IAR .+ Compiler":
g++-4.8: fatal error: no input files
compilation terminated.
Detecting CXX compiler ABI info failed to compile with the following output:
Change Dir: /home/zhj/MuduoArchitecture/build/CMakeFiles/CMakeTmp

Run Build Command(s):/usr/bin/gmake -f Makefile cmTC_9afcc/fast && /usr/bin/gmake  -f CMakeFiles/cmTC_9afcc.dir/build.make CMakeFiles/cmTC_9afcc.dir/build
gmake[1]: Entering directory `/home/zhj/MuduoArchitecture/build/CMakeFiles/CMakeTmp'
Building CXX object CMakeFiles/cmTC_9afcc.dir/CMakeCXXCompilerABI.cpp.o
/usr/bin/g++-4.8    -o CMakeFiles/cmTC_9afcc.dir/CMakeCXXCompilerABI.cpp.o -c /usr/local/share/cmake-3.23/Modules/CMakeCXXCompilerABI.cpp
g++-4.8: error trying to exec 'cc1plus': execvp: No such file or directory
gmake[1]: *** [CMakeFiles/cmTC_9afcc.dir/CMakeCXXCompilerABI.cpp.o] Error 1
gmake[1]: Leaving directory `/home/zhj/MuduoArchitecture/build/CMakeFiles/CMakeTmp'
gmake: *** [cmTC_9afcc/fast] Error 2




Determining if the CXX compiler works failed with the following output:
Change Dir: /home/zhj/MuduoArchitecture/build/CMakeFiles/CMakeTmp

Run Build Command(s):/usr/bin/gmake -f Makefile cmTC_51e66/fast && /usr/bin/gmake  -f CMakeFiles/cmTC_51e66.dir/build.make CMakeFiles/cmTC_51e66.dir/build
gmake[1]: 进入目录“/home/zhj/MuduoArchitecture/build/CMakeFiles/CMakeTmp”
Building CXX object CMakeFiles/cmTC_51e66.dir/testCXXCompiler.cxx.o
/usr/bin/g++-4.8    -o CMakeFiles/cmTC_51e66.dir/testCXXCompiler.cxx.o -c /home/zhj/MuduoArchitecture/build/CMakeFiles/CMakeTmp/testCXXCompiler.cxx
g++-4.8: error trying to exec 'cc1plus': execvp: 没有那个文件或目录
gmake[1]: *** [CMakeFiles/cmTC_51e66.dir/testCXXCompiler.cxx.o] 错误 1
gmake[1]: 离开目录“/home/zhj/MuduoArchitecture/build/CMakeFiles/CMakeTmp”
gmake: *** [cmTC_51e66/fast] 错误 2



